# JRE version: OpenJDK Runtime Environment (11.0.11+9) (build 11.0.11+9-b60-7590822)
# Java VM: OpenJDK 64-Bit Server VM (11.0.11+9-b60-7590822, mixed mode, tiered, compressed oops, g1 gc, windows-amd64)
Heap:
 garbage-first heap   total 172032K, used 129109K [0x0000000080000000, 0x0000000100000000)
  region size 1024K, 18 young (18432K), 2 survivors (2048K)
 Metaspace       used 107427K, capacity 110246K, committed 110500K, reserved 1144832K
  class space    used 13892K, capacity 14937K, committed 14976K, reserved 1048576K
GC Heap History (20 events):
Event: 100.436 GC heap before
{Heap before GC invocations=40 (full 0):
 garbage-first heap   total 143360K, used 113141K [0x0000000080000000, 0x0000000100000000)
  region size 1024K, 17 young (17408K), 2 survivors (2048K)
 Metaspace       used 98999K, capacity 101499K, committed 101668K, reserved 1136640K
  class space    used 12797K, capacity 13711K, committed 13824K, reserved 1048576K
}
Event: 100.443 GC heap after
{Heap after GC invocations=41 (full 0):
 garbage-first heap   total 143360K, used 100635K [0x0000000080000000, 0x0000000100000000)
  region size 1024K, 2 young (2048K), 2 survivors (2048K)
 Metaspace       used 98999K, capacity 101499K, committed 101668K, reserved 1136640K
  class space    used 12797K, capacity 13711K, committed 13824K, reserved 1048576K
}
Event: 101.080 GC heap before
{Heap before GC invocations=42 (full 0):
 garbage-first heap   total 143360K, used 114971K [0x0000000080000000, 0x0000000100000000)
  region size 1024K, 16 young (16384K), 2 survivors (2048K)
 Metaspace       used 100010K, capacity 102550K, committed 102820K, reserved 1138688K
  class space    used 12906K, capacity 13845K, committed 13952K, reserved 1048576K
}
Event: 101.097 GC heap after
{Heap after GC invocations=43 (full 0):
 garbage-first heap   total 143360K, used 105113K [0x0000000080000000, 0x0000000100000000)
  region size 1024K, 2 young (2048K), 2 survivors (2048K)
 Metaspace       used 100010K, capacity 102550K, committed 102820K, reserved 1138688K
  class space    used 12906K, capacity 13845K, committed 13952K, reserved 1048576K
}
Event: 101.389 GC heap before
{Heap before GC invocations=43 (full 0):
 garbage-first heap   total 143360K, used 117401K [0x0000000080000000, 0x0000000100000000)
  region size 1024K, 14 young (14336K), 2 survivors (2048K)
 Metaspace       used 100517K, capacity 103057K, committed 103332K, reserved 1138688K
  class space    used 12989K, capacity 13927K, committed 13952K, reserved 1048576K
}
Event: 101.410 GC heap after
{Heap after GC invocations=44 (full 0):
 garbage-first heap   total 143360K, used 109101K [0x0000000080000000, 0x0000000100000000)
  region size 1024K, 2 young (2048K), 2 survivors (2048K)
 Metaspace       used 100517K, capacity 103057K, committed 103332K, reserved 1138688K
  class space    used 12989K, capacity 13927K, committed 13952K, reserved 1048576K
}
Event: 101.976 GC heap before
{Heap before GC invocations=45 (full 0):
 garbage-first heap   total 143360K, used 118317K [0x0000000080000000, 0x0000000100000000)
  region size 1024K, 12 young (12288K), 2 survivors (2048K)
 Metaspace       used 101342K, capacity 103884K, committed 103972K, reserved 1138688K
  class space    used 13097K, capacity 14028K, committed 14080K, reserved 1048576K
}
Event: 101.993 GC heap after
{Heap after GC invocations=46 (full 0):
 garbage-first heap   total 143360K, used 111383K [0x0000000080000000, 0x0000000100000000)
  region size 1024K, 2 young (2048K), 2 survivors (2048K)
 Metaspace       used 101342K, capacity 103884K, committed 103972K, reserved 1138688K
  class space    used 13097K, capacity 14028K, committed 14080K, reserved 1048576K
}
Event: 102.621 GC heap before
{Heap before GC invocations=46 (full 0):
 garbage-first heap   total 143360K, used 119575K [0x0000000080000000, 0x0000000100000000)
  region size 1024K, 11 young (11264K), 2 survivors (2048K)
 Metaspace       used 103292K, capacity 105879K, committed 106148K, reserved 1140736K
  class space    used 13401K, capacity 14375K, committed 14464K, reserved 1048576K
}
Event: 102.631 GC heap after
{Heap after GC invocations=47 (full 0):
 garbage-first heap   total 143360K, used 112226K [0x0000000080000000, 0x0000000100000000)
  region size 1024K, 1 young (1024K), 1 survivors (1024K)
 Metaspace       used 103292K, capacity 105879K, committed 106148K, reserved 1140736K
  class space    used 13401K, capacity 14375K, committed 14464K, reserved 1048576K
}
Event: 103.412 GC heap before
{Heap before GC invocations=48 (full 0):
 garbage-first heap   total 143360K, used 121442K [0x0000000080000000, 0x0000000100000000)
  region size 1024K, 10 young (10240K), 1 survivors (1024K)
 Metaspace       used 105165K, capacity 107888K, committed 108068K, reserved 1142784K
  class space    used 13713K, capacity 14725K, committed 14848K, reserved 1048576K
}
Event: 103.420 GC heap after
{Heap after GC invocations=49 (full 0):
 garbage-first heap   total 143360K, used 112559K [0x0000000080000000, 0x0000000100000000)
  region size 1024K, 1 young (1024K), 1 survivors (1024K)
 Metaspace       used 105165K, capacity 107888K, committed 108068K, reserved 1142784K
  class space    used 13713K, capacity 14725K, committed 14848K, reserved 1048576K
}
Event: 103.826 GC heap before
{Heap before GC invocations=49 (full 0):
 garbage-first heap   total 143360K, used 120751K [0x0000000080000000, 0x0000000100000000)
  region size 1024K, 10 young (10240K), 1 survivors (1024K)
 Metaspace       used 105690K, capacity 108434K, committed 108580K, reserved 1142784K
  class space    used 13758K, capacity 14797K, committed 14848K, reserved 1048576K
}
Event: 103.834 GC heap after
{Heap after GC invocations=50 (full 0):
 garbage-first heap   total 143360K, used 113465K [0x0000000080000000, 0x0000000100000000)
  region size 1024K, 2 young (2048K), 2 survivors (2048K)
 Metaspace       used 105690K, capacity 108434K, committed 108580K, reserved 1142784K
  class space    used 13758K, capacity 14797K, committed 14848K, reserved 1048576K
}
Event: 104.532 GC heap before
{Heap before GC invocations=51 (full 0):
 garbage-first heap   total 143360K, used 122681K [0x0000000080000000, 0x0000000100000000)
  region size 1024K, 11 young (11264K), 2 survivors (2048K)
 Metaspace       used 106283K, capacity 109002K, committed 109220K, reserved 1144832K
  class space    used 13832K, capacity 14855K, committed 14976K, reserved 1048576K
}
Event: 104.543 GC heap after
{Heap after GC invocations=52 (full 0):
 garbage-first heap   total 143360K, used 113752K [0x0000000080000000, 0x0000000100000000)
  region size 1024K, 2 young (2048K), 2 survivors (2048K)
 Metaspace       used 106283K, capacity 109002K, committed 109220K, reserved 1144832K
  class space    used 13832K, capacity 14855K, committed 14976K, reserved 1048576K
}
Event: 104.800 GC heap before
{Heap before GC invocations=52 (full 0):
 garbage-first heap   total 143360K, used 118872K [0x0000000080000000, 0x0000000100000000)
  region size 1024K, 7 young (7168K), 2 survivors (2048K)
 Metaspace       used 106668K, capacity 109434K, committed 109732K, reserved 1144832K
  class space    used 13840K, capacity 14891K, committed 14976K, reserved 1048576K
}
Event: 104.809 GC heap after
{Heap after GC invocations=53 (full 0):
 garbage-first heap   total 143360K, used 113350K [0x0000000080000000, 0x0000000100000000)
  region size 1024K, 1 young (1024K), 1 survivors (1024K)
 Metaspace       used 106668K, capacity 109434K, committed 109732K, reserved 1144832K
  class space    used 13840K, capacity 14891K, committed 14976K, reserved 1048576K
}
Event: 105.209 GC heap before
{Heap before GC invocations=53 (full 0):
 garbage-first heap   total 143360K, used 122566K [0x0000000080000000, 0x0000000100000000)
  region size 1024K, 10 young (10240K), 1 survivors (1024K)
 Metaspace       used 106946K, capacity 109662K, committed 109988K, reserved 1144832K
  class space    used 13848K, capacity 14896K, committed 14976K, reserved 1048576K
}
Event: 105.217 GC heap after
{Heap after GC invocations=54 (full 0):
 garbage-first heap   total 172032K, used 113749K [0x0000000080000000, 0x0000000100000000)
  region size 1024K, 2 young (2048K), 2 survivors (2048K)
 Metaspace       used 106946K, capacity 109662K, committed 109988K, reserved 1144832K
  class space    used 13848K, capacity 14896K, committed 14976K, reserved 1048576K
}

